This file contains any messages produced by compilers while
running configure, to aid debugging if configure makes a mistake.

It was created by . configure 1, which was
generated by GNU Autoconf 2.69.  Invocation command line was

  $ ./configure 

## --------- ##
## Platform. ##
## --------- ##

hostname = martin-N56VB
uname -m = x86_64
uname -r = 3.8.0-19-generic
uname -s = Linux
uname -v = #29-Ubuntu SMP Wed Apr 17 18:16:28 UTC 2013

/usr/bin/uname -p = unknown
/bin/uname -X     = unknown

/bin/arch              = unknown
/usr/bin/arch -k       = unknown
/usr/convex/getsysinfo = unknown
/usr/bin/hostinfo      = unknown
/bin/machine           = unknown
/usr/bin/oslevel       = unknown
/bin/universe          = unknown

PATH: /usr/local/sbin
PATH: /usr/local/bin
PATH: /usr/sbin
PATH: /usr/bin
PATH: /sbin
PATH: /bin
PATH: /usr/games
PATH: /usr/local/games
PATH: /home/martin/bin
PATH: /usr/local/java/jdk1.8.0_05/bin


## ----------- ##
## Core tests. ##
## ----------- ##

configure:2414: checking for a BSD-compatible install
configure:2482: result: /usr/bin/install -c
configure:2493: checking whether build environment is sane
configure:2543: result: yes
configure:2684: checking for a thread-safe mkdir -p
configure:2723: result: /bin/mkdir -p
configure:2736: checking for gawk
configure:2752: found /usr/bin/gawk
configure:2763: result: gawk
configure:2774: checking whether make sets $(MAKE)
configure:2796: result: yes
configure:2928: checking for gcc
configure:2944: found /usr/bin/gcc
configure:2955: result: gcc
configure:3184: checking for C compiler version
configure:3193: gcc --version >&5
gcc (Ubuntu/Linaro 4.7.3-1ubuntu1) 4.7.3
Copyright (C) 2012 Free Software Foundation, Inc.
This is free software; see the source for copying conditions.  There is NO
warranty; not even for MERCHANTABILITY or FITNESS FOR A PARTICULAR PURPOSE.

configure:3204: $? = 0
configure:3193: gcc -v >&5
Using built-in specs.
COLLECT_GCC=gcc
COLLECT_LTO_WRAPPER=/usr/lib/gcc/x86_64-linux-gnu/4.7/lto-wrapper
Target: x86_64-linux-gnu
Configured with: ../src/configure -v --with-pkgversion='Ubuntu/Linaro 4.7.3-1ubuntu1' --with-bugurl=file:///usr/share/doc/gcc-4.7/README.Bugs --enable-languages=c,c++,go,fortran,objc,obj-c++ --prefix=/usr --program-suffix=-4.7 --enable-shared --enable-linker-build-id --libexecdir=/usr/lib --without-included-gettext --enable-threads=posix --with-gxx-include-dir=/usr/include/c++/4.7 --libdir=/usr/lib --enable-nls --with-sysroot=/ --enable-clocale=gnu --enable-libstdcxx-debug --enable-libstdcxx-time=yes --enable-gnu-unique-object --enable-plugin --with-system-zlib --enable-objc-gc --with-cloog --enable-cloog-backend=ppl --disable-cloog-version-check --disable-ppl-version-check --enable-multiarch --disable-werror --with-arch-32=i686 --with-abi=m64 --with-multilib-list=m32,m64,mx32 --with-tune=generic --enable-checking=release --build=x86_64-linux-gnu --host=x86_64-linux-gnu --target=x86_64-linux-gnu
Thread model: posix
gcc version 4.7.3 (Ubuntu/Linaro 4.7.3-1ubuntu1) 
configure:3204: $? = 0
configure:3193: gcc -V >&5
gcc: error: unrecognized command line option '-V'
gcc: fatal error: no input files
compilation terminated.
configure:3204: $? = 4
configure:3193: gcc -qversion >&5
gcc: error: unrecognized command line option '-qversion'
gcc: fatal error: no input files
compilation terminated.
configure:3204: $? = 4
configure:3224: checking whether the C compiler works
configure:3246: gcc    conftest.c  >&5
configure:3250: $? = 0
configure:3298: result: yes
configure:3301: checking for C compiler default output file name
configure:3303: result: a.out
configure:3309: checking for suffix of executables
configure:3316: gcc -o conftest    conftest.c  >&5
configure:3320: $? = 0
configure:3342: result: 
configure:3364: checking whether we are cross compiling
configure:3372: gcc -o conftest    conftest.c  >&5
configure:3376: $? = 0
configure:3383: ./conftest
configure:3387: $? = 0
configure:3402: result: no
configure:3407: checking for suffix of object files
configure:3429: gcc -c   conftest.c >&5
configure:3433: $? = 0
configure:3454: result: o
configure:3458: checking whether we are using the GNU C compiler
configure:3477: gcc -c   conftest.c >&5
configure:3477: $? = 0
configure:3486: result: yes
configure:3495: checking whether gcc accepts -g
configure:3515: gcc -c -g  conftest.c >&5
configure:3515: $? = 0
configure:3556: result: yes
configure:3573: checking for gcc option to accept ISO C89
configure:3636: gcc  -c -g -O2  conftest.c >&5
configure:3636: $? = 0
configure:3649: result: none needed
configure:3680: checking for style of include used by make
configure:3708: result: GNU
configure:3734: checking dependency style of gcc
configure:3845: result: gcc3
configure:3918: checking for g++
configure:3934: found /usr/bin/g++
configure:3945: result: g++
configure:3972: checking for C++ compiler version
configure:3981: g++ --version >&5
g++ (Ubuntu/Linaro 4.7.3-1ubuntu1) 4.7.3
Copyright (C) 2012 Free Software Foundation, Inc.
This is free software; see the source for copying conditions.  There is NO
warranty; not even for MERCHANTABILITY or FITNESS FOR A PARTICULAR PURPOSE.

configure:3992: $? = 0
configure:3981: g++ -v >&5
Using built-in specs.
COLLECT_GCC=g++
COLLECT_LTO_WRAPPER=/usr/lib/gcc/x86_64-linux-gnu/4.7/lto-wrapper
Target: x86_64-linux-gnu
Configured with: ../src/configure -v --with-pkgversion='Ubuntu/Linaro 4.7.3-1ubuntu1' --with-bugurl=file:///usr/share/doc/gcc-4.7/README.Bugs --enable-languages=c,c++,go,fortran,objc,obj-c++ --prefix=/usr --program-suffix=-4.7 --enable-shared --enable-linker-build-id --libexecdir=/usr/lib --without-included-gettext --enable-threads=posix --with-gxx-include-dir=/usr/include/c++/4.7 --libdir=/usr/lib --enable-nls --with-sysroot=/ --enable-clocale=gnu --enable-libstdcxx-debug --enable-libstdcxx-time=yes --enable-gnu-unique-object --enable-plugin --with-system-zlib --enable-objc-gc --with-cloog --enable-cloog-backend=ppl --disable-cloog-version-check --disable-ppl-version-check --enable-multiarch --disable-werror --with-arch-32=i686 --with-abi=m64 --with-multilib-list=m32,m64,mx32 --with-tune=generic --enable-checking=release --build=x86_64-linux-gnu --host=x86_64-linux-gnu --target=x86_64-linux-gnu
Thread model: posix
gcc version 4.7.3 (Ubuntu/Linaro 4.7.3-1ubuntu1) 
configure:3992: $? = 0
configure:3981: g++ -V >&5
g++: error: unrecognized command line option '-V'
g++: fatal error: no input files
compilation terminated.
configure:3992: $? = 4
configure:3981: g++ -qversion >&5
g++: error: unrecognized command line option '-qversion'
g++: fatal error: no input files
compilation terminated.
configure:3992: $? = 4
configure:3996: checking whether we are using the GNU C++ compiler
configure:4015: g++ -c   conftest.cpp >&5
configure:4015: $? = 0
configure:4024: result: yes
configure:4033: checking whether g++ accepts -g
configure:4053: g++ -c -g  conftest.cpp >&5
configure:4053: $? = 0
configure:4094: result: yes
configure:4119: checking dependency style of g++
configure:4230: result: gcc3
configure:4275: checking build system type
configure:4289: result: x86_64-unknown-linux-gnu
configure:4309: checking host system type
configure:4322: result: x86_64-unknown-linux-gnu
configure:4363: checking how to print strings
configure:4390: result: printf
configure:4411: checking for a sed that does not truncate output
configure:4475: result: /bin/sed
configure:4493: checking for grep that handles long lines and -e
configure:4551: result: /bin/grep
configure:4556: checking for egrep
configure:4618: result: /bin/grep -E
configure:4623: checking for fgrep
configure:4685: result: /bin/grep -F
configure:4720: checking for ld used by gcc
configure:4787: result: /usr/bin/ld
configure:4794: checking if the linker (/usr/bin/ld) is GNU ld
configure:4809: result: yes
configure:4821: checking for BSD- or MS-compatible name lister (nm)
configure:4870: result: /usr/bin/nm -B
configure:5000: checking the name lister (/usr/bin/nm -B) interface
configure:5007: gcc -c -g -O2  conftest.c >&5
configure:5010: /usr/bin/nm -B "conftest.o"
configure:5013: output
0000000000000000 B some_variable
configure:5020: result: BSD nm
configure:5023: checking whether ln -s works
configure:5027: result: yes
configure:5035: checking the maximum length of command line arguments
configure:5166: result: 1572864
configure:5183: checking whether the shell understands some XSI constructs
configure:5193: result: yes
configure:5197: checking whether the shell understands "+="
configure:5203: result: yes
configure:5238: checking how to convert x86_64-unknown-linux-gnu file names to x86_64-unknown-linux-gnu format
configure:5278: result: func_convert_file_noop
configure:5285: checking how to convert x86_64-unknown-linux-gnu file names to toolchain format
configure:5305: result: func_convert_file_noop
configure:5312: checking for /usr/bin/ld option to reload object files
configure:5319: result: -r
configure:5393: checking for objdump
configure:5409: found /usr/bin/objdump
configure:5420: result: objdump
configure:5452: checking how to recognize dependent libraries
configure:5650: result: pass_all
configure:5735: checking for dlltool
configure:5765: result: no
configure:5795: checking how to associate runtime and link libraries
configure:5822: result: printf %s\n
configure:5883: checking for ar
configure:5899: found /usr/bin/ar
configure:5910: result: ar
configure:5947: checking for archiver @FILE support
configure:5964: gcc -c -g -O2  conftest.c >&5
configure:5964: $? = 0
configure:5967: ar cru libconftest.a @conftest.lst >&5
configure:5970: $? = 0
configure:5975: ar cru libconftest.a @conftest.lst >&5
ar: conftest.o: No such file or directory
configure:5978: $? = 1
configure:5990: result: @
configure:6048: checking for strip
configure:6064: found /usr/bin/strip
configure:6075: result: strip
configure:6147: checking for ranlib
configure:6163: found /usr/bin/ranlib
configure:6174: result: ranlib
configure:6276: checking command to parse /usr/bin/nm -B output from gcc object
configure:6396: gcc -c -g -O2  conftest.c >&5
configure:6399: $? = 0
configure:6403: /usr/bin/nm -B conftest.o \| sed -n -e 's/^.*[ ]\([ABCDGIRSTW][ABCDGIRSTW]*\)[ ][ ]*\([_A-Za-z][_A-Za-z0-9]*\)$/\1 \2 \2/p' | sed '/ __gnu_lto/d' \> conftest.nm
configure:6406: $? = 0
configure:6472: gcc -o conftest -g -O2   conftest.c conftstm.o >&5
configure:6475: $? = 0
configure:6513: result: ok
configure:6550: checking for sysroot
configure:6580: result: no
configure:6657: gcc -c -g -O2  conftest.c >&5
configure:6660: $? = 0
configure:6843: checking for mt
configure:6859: found /bin/mt
configure:6870: result: mt
configure:6893: checking if mt is a manifest tool
configure:6899: mt '-?'
configure:6907: result: no
configure:7549: checking how to run the C preprocessor
configure:7580: gcc -E  conftest.c
configure:7580: $? = 0
configure:7594: gcc -E  conftest.c
conftest.c:11:28: fatal error: ac_nonexistent.h: No such file or directory
compilation terminated.
configure:7594: $? = 1
configure: failed program was:
| /* confdefs.h */
| #define PACKAGE_NAME "."
| #define PACKAGE_TARNAME "-"
| #define PACKAGE_VERSION "1"
| #define PACKAGE_STRING ". 1"
| #define PACKAGE_BUGREPORT ""
| #define PACKAGE_URL ""
| #define PACKAGE "openSMILE"
| #define VERSION "0.0.0"
| /* end confdefs.h.  */
| #include <ac_nonexistent.h>
configure:7619: result: gcc -E
configure:7639: gcc -E  conftest.c
configure:7639: $? = 0
configure:7653: gcc -E  conftest.c
conftest.c:11:28: fatal error: ac_nonexistent.h: No such file or directory
compilation terminated.
configure:7653: $? = 1
configure: failed program was:
| /* confdefs.h */
| #define PACKAGE_NAME "."
| #define PACKAGE_TARNAME "-"
| #define PACKAGE_VERSION "1"
| #define PACKAGE_STRING ". 1"
| #define PACKAGE_BUGREPORT ""
| #define PACKAGE_URL ""
| #define PACKAGE "openSMILE"
| #define VERSION "0.0.0"
| /* end confdefs.h.  */
| #include <ac_nonexistent.h>
configure:7682: checking for ANSI C header files
configure:7702: gcc -c -g -O2  conftest.c >&5
configure:7702: $? = 0
configure:7775: gcc -o conftest -g -O2   conftest.c  >&5
configure:7775: $? = 0
configure:7775: ./conftest
configure:7775: $? = 0
configure:7786: result: yes
configure:7799: checking for sys/types.h
configure:7799: gcc -c -g -O2  conftest.c >&5
configure:7799: $? = 0
configure:7799: result: yes
configure:7799: checking for sys/stat.h
configure:7799: gcc -c -g -O2  conftest.c >&5
configure:7799: $? = 0
configure:7799: result: yes
configure:7799: checking for stdlib.h
configure:7799: gcc -c -g -O2  conftest.c >&5
configure:7799: $? = 0
configure:7799: result: yes
configure:7799: checking for string.h
configure:7799: gcc -c -g -O2  conftest.c >&5
configure:7799: $? = 0
configure:7799: result: yes
configure:7799: checking for memory.h
configure:7799: gcc -c -g -O2  conftest.c >&5
configure:7799: $? = 0
configure:7799: result: yes
configure:7799: checking for strings.h
configure:7799: gcc -c -g -O2  conftest.c >&5
configure:7799: $? = 0
configure:7799: result: yes
configure:7799: checking for inttypes.h
configure:7799: gcc -c -g -O2  conftest.c >&5
configure:7799: $? = 0
configure:7799: result: yes
configure:7799: checking for stdint.h
configure:7799: gcc -c -g -O2  conftest.c >&5
configure:7799: $? = 0
configure:7799: result: yes
configure:7799: checking for unistd.h
configure:7799: gcc -c -g -O2  conftest.c >&5
configure:7799: $? = 0
configure:7799: result: yes
configure:7813: checking for dlfcn.h
configure:7813: gcc -c -g -O2  conftest.c >&5
configure:7813: $? = 0
configure:7813: result: yes
configure:8030: checking for objdir
configure:8045: result: .libs
configure:8316: checking if gcc supports -fno-rtti -fno-exceptions
configure:8334: gcc -c -g -O2  -fno-rtti -fno-exceptions conftest.c >&5
cc1: warning: command line option '-fno-rtti' is valid for C++/ObjC++ but not for C [enabled by default]
configure:8338: $? = 0
configure:8351: result: no
configure:8678: checking for gcc option to produce PIC
configure:8685: result: -fPIC -DPIC
configure:8693: checking if gcc PIC flag -fPIC -DPIC works
configure:8711: gcc -c -g -O2  -fPIC -DPIC -DPIC conftest.c >&5
configure:8715: $? = 0
configure:8728: result: yes
configure:8757: checking if gcc static flag -static works
configure:8785: result: yes
configure:8800: checking if gcc supports -c -o file.o
configure:8821: gcc -c -g -O2  -o out/conftest2.o conftest.c >&5
configure:8825: $? = 0
configure:8847: result: yes
configure:8855: checking if gcc supports -c -o file.o
configure:8902: result: yes
configure:8935: checking whether the gcc linker (/usr/bin/ld -m elf_x86_64) supports shared libraries
configure:10092: result: yes
configure:10129: checking whether -lc should be explicitly linked in
configure:10137: gcc -c -g -O2  conftest.c >&5
configure:10140: $? = 0
configure:10155: gcc -shared  -fPIC -DPIC conftest.o  -v -Wl,-soname -Wl,conftest -o conftest 2\>\&1 \| /bin/grep  -lc  \>/dev/null 2\>\&1
configure:10158: $? = 0
configure:10172: result: no
configure:10332: checking dynamic linker characteristics
configure:10832: gcc -o conftest -g -O2   -Wl,-rpath -Wl,/foo conftest.c  >&5
configure:10832: $? = 0
configure:11066: result: GNU/Linux ld.so
configure:11173: checking how to hardcode library paths into programs
configure:11198: result: immediate
configure:11738: checking whether stripping libraries is possible
configure:11743: result: yes
configure:11778: checking if libtool supports shared libraries
configure:11780: result: yes
configure:11783: checking whether to build shared libraries
configure:11804: result: yes
configure:11807: checking whether to build static libraries
configure:11811: result: yes
configure:11834: checking how to run the C++ preprocessor
configure:11861: g++ -E  conftest.cpp
configure:11861: $? = 0
configure:11875: g++ -E  conftest.cpp
conftest.cpp:23:28: fatal error: ac_nonexistent.h: No such file or directory
compilation terminated.
configure:11875: $? = 1
configure: failed program was:
| /* confdefs.h */
| #define PACKAGE_NAME "."
| #define PACKAGE_TARNAME "-"
| #define PACKAGE_VERSION "1"
| #define PACKAGE_STRING ". 1"
| #define PACKAGE_BUGREPORT ""
| #define PACKAGE_URL ""
| #define PACKAGE "openSMILE"
| #define VERSION "0.0.0"
| #define STDC_HEADERS 1
| #define HAVE_SYS_TYPES_H 1
| #define HAVE_SYS_STAT_H 1
| #define HAVE_STDLIB_H 1
| #define HAVE_STRING_H 1
| #define HAVE_MEMORY_H 1
| #define HAVE_STRINGS_H 1
| #define HAVE_INTTYPES_H 1
| #define HAVE_STDINT_H 1
| #define HAVE_UNISTD_H 1
| #define HAVE_DLFCN_H 1
| #define LT_OBJDIR ".libs/"
| /* end confdefs.h.  */
| #include <ac_nonexistent.h>
configure:11900: result: g++ -E
configure:11920: g++ -E  conftest.cpp
configure:11920: $? = 0
configure:11934: g++ -E  conftest.cpp
conftest.cpp:23:28: fatal error: ac_nonexistent.h: No such file or directory
compilation terminated.
configure:11934: $? = 1
configure: failed program was:
| /* confdefs.h */
| #define PACKAGE_NAME "."
| #define PACKAGE_TARNAME "-"
| #define PACKAGE_VERSION "1"
| #define PACKAGE_STRING ". 1"
| #define PACKAGE_BUGREPORT ""
| #define PACKAGE_URL ""
| #define PACKAGE "openSMILE"
| #define VERSION "0.0.0"
| #define STDC_HEADERS 1
| #define HAVE_SYS_TYPES_H 1
| #define HAVE_SYS_STAT_H 1
| #define HAVE_STDLIB_H 1
| #define HAVE_STRING_H 1
| #define HAVE_MEMORY_H 1
| #define HAVE_STRINGS_H 1
| #define HAVE_INTTYPES_H 1
| #define HAVE_STDINT_H 1
| #define HAVE_UNISTD_H 1
| #define HAVE_DLFCN_H 1
| #define LT_OBJDIR ".libs/"
| /* end confdefs.h.  */
| #include <ac_nonexistent.h>
configure:12103: checking for ld used by g++
configure:12170: result: /usr/bin/ld -m elf_x86_64
configure:12177: checking if the linker (/usr/bin/ld -m elf_x86_64) is GNU ld
configure:12192: result: yes
configure:12247: checking whether the g++ linker (/usr/bin/ld -m elf_x86_64) supports shared libraries
configure:13249: result: yes
configure:13285: g++ -c -g -O2  conftest.cpp >&5
configure:13288: $? = 0
configure:13808: checking for g++ option to produce PIC
configure:13815: result: -fPIC -DPIC
configure:13823: checking if g++ PIC flag -fPIC -DPIC works
configure:13841: g++ -c -g -O2  -fPIC -DPIC -DPIC conftest.cpp >&5
configure:13845: $? = 0
configure:13858: result: yes
configure:13881: checking if g++ static flag -static works
configure:13909: result: yes
configure:13921: checking if g++ supports -c -o file.o
configure:13942: g++ -c -g -O2  -o out/conftest2.o conftest.cpp >&5
configure:13946: $? = 0
configure:13968: result: yes
configure:13973: checking if g++ supports -c -o file.o
configure:14020: result: yes
configure:14050: checking whether the g++ linker (/usr/bin/ld -m elf_x86_64) supports shared libraries
configure:14089: result: yes
configure:14230: checking dynamic linker characteristics
configure:14898: result: GNU/Linux ld.so
configure:14951: checking how to hardcode library paths into programs
configure:14976: result: immediate
configure:15038: checking whether gcc and cc understand -c and -o together
configure:15069: gcc -c conftest.c -o conftest2.o >&5
configure:15073: $? = 0
configure:15079: gcc -c conftest.c -o conftest2.o >&5
configure:15083: $? = 0
configure:15094: cc -c conftest.c >&5
configure:15098: $? = 0
configure:15106: cc -c conftest.c -o conftest2.o >&5
configure:15110: $? = 0
configure:15116: cc -c conftest.c -o conftest2.o >&5
configure:15120: $? = 0
configure:15138: result: yes
configure:15197: checking for libsemaineapi
configure:15218: result: no
configure:15220: WARNING: LibSemaineAPI not found!! Configuring only standalone feature extractor
configure:15308: checking for Pa_Initialize in -lportaudio
configure:15333: gcc -o conftest -g -O2   conftest.c -lportaudio   >&5
/usr/bin/ld: cannot find -lportaudio
collect2: error: ld returned 1 exit status
configure:15333: $? = 1
configure: failed program was:
| /* confdefs.h */
| #define PACKAGE_NAME "."
| #define PACKAGE_TARNAME "-"
| #define PACKAGE_VERSION "1"
| #define PACKAGE_STRING ". 1"
| #define PACKAGE_BUGREPORT ""
| #define PACKAGE_URL ""
| #define PACKAGE "openSMILE"
| #define VERSION "0.0.0"
| #define STDC_HEADERS 1
| #define HAVE_SYS_TYPES_H 1
| #define HAVE_SYS_STAT_H 1
| #define HAVE_STDLIB_H 1
| #define HAVE_STRING_H 1
| #define HAVE_MEMORY_H 1
| #define HAVE_STRINGS_H 1
| #define HAVE_INTTYPES_H 1
| #define HAVE_STDINT_H 1
| #define HAVE_UNISTD_H 1
| #define HAVE_DLFCN_H 1
| #define LT_OBJDIR ".libs/"
| /* end confdefs.h.  */
| 
| /* Override any GCC internal prototype to avoid an error.
|    Use char because int might match the return type of a GCC
|    builtin and then its argument prototype would still apply.  */
| #ifdef __cplusplus
| extern "C"
| #endif
| char Pa_Initialize ();
| int
| main ()
| {
| return Pa_Initialize ();
|   ;
|   return 0;
| }
configure:15342: result: no
configure:15353: checking for Pa_GetHostApiCount in -lportaudio
configure:15378: gcc -o conftest -g -O2   conftest.c -lportaudio   >&5
/usr/bin/ld: cannot find -lportaudio
collect2: error: ld returned 1 exit status
configure:15378: $? = 1
configure: failed program was:
| /* confdefs.h */
| #define PACKAGE_NAME "."
| #define PACKAGE_TARNAME "-"
| #define PACKAGE_VERSION "1"
| #define PACKAGE_STRING ". 1"
| #define PACKAGE_BUGREPORT ""
| #define PACKAGE_URL ""
| #define PACKAGE "openSMILE"
| #define VERSION "0.0.0"
| #define STDC_HEADERS 1
| #define HAVE_SYS_TYPES_H 1
| #define HAVE_SYS_STAT_H 1
| #define HAVE_STDLIB_H 1
| #define HAVE_STRING_H 1
| #define HAVE_MEMORY_H 1
| #define HAVE_STRINGS_H 1
| #define HAVE_INTTYPES_H 1
| #define HAVE_STDINT_H 1
| #define HAVE_UNISTD_H 1
| #define HAVE_DLFCN_H 1
| #define LT_OBJDIR ".libs/"
| /* end confdefs.h.  */
| 
| /* Override any GCC internal prototype to avoid an error.
|    Use char because int might match the return type of a GCC
|    builtin and then its argument prototype would still apply.  */
| #ifdef __cplusplus
| extern "C"
| #endif
| char Pa_GetHostApiCount ();
| int
| main ()
| {
| return Pa_GetHostApiCount ();
|   ;
|   return 0;
| }
configure:15387: result: no
configure:15421: WARNING: Compiling WITHOUT PortAudio support!! Sound recording will probably be broken!
configure:15601: checking for the pthreads library -lpthreads
configure:15634: gcc -o conftest -g -O2    conftest.c -lpthreads  >&5
/usr/bin/ld: cannot find -lpthreads
collect2: error: ld returned 1 exit status
configure:15634: $? = 1
configure: failed program was:
| /* confdefs.h */
| #define PACKAGE_NAME "."
| #define PACKAGE_TARNAME "-"
| #define PACKAGE_VERSION "1"
| #define PACKAGE_STRING ". 1"
| #define PACKAGE_BUGREPORT ""
| #define PACKAGE_URL ""
| #define PACKAGE "openSMILE"
| #define VERSION "0.0.0"
| #define STDC_HEADERS 1
| #define HAVE_SYS_TYPES_H 1
| #define HAVE_SYS_STAT_H 1
| #define HAVE_STDLIB_H 1
| #define HAVE_STRING_H 1
| #define HAVE_MEMORY_H 1
| #define HAVE_STRINGS_H 1
| #define HAVE_INTTYPES_H 1
| #define HAVE_STDINT_H 1
| #define HAVE_UNISTD_H 1
| #define HAVE_DLFCN_H 1
| #define LT_OBJDIR ".libs/"
| /* end confdefs.h.  */
| #include <pthread.h>
| int
| main ()
| {
| pthread_t th; pthread_join(th, 0);
|                      pthread_attr_init(0); pthread_cleanup_push(0, 0);
|                      pthread_create(0,0,0,0); pthread_cleanup_pop(0);
|   ;
|   return 0;
| }
configure:15643: result: no
configure:15546: checking whether pthreads work without any flags
configure:15634: gcc -o conftest -g -O2    conftest.c   >&5
/tmp/ccbmnJ48.o: In function `main':
/home/martin/Escritorio/opensmile-1.0.1-sourceonly/conftest.c:27: undefined reference to `pthread_join'
/home/martin/Escritorio/opensmile-1.0.1-sourceonly/conftest.c:28: undefined reference to `__pthread_register_cancel'
/home/martin/Escritorio/opensmile-1.0.1-sourceonly/conftest.c:29: undefined reference to `pthread_create'
/home/martin/Escritorio/opensmile-1.0.1-sourceonly/conftest.c:29: undefined reference to `__pthread_unregister_cancel'
collect2: error: ld returned 1 exit status
configure:15634: $? = 1
configure: failed program was:
| /* confdefs.h */
| #define PACKAGE_NAME "."
| #define PACKAGE_TARNAME "-"
| #define PACKAGE_VERSION "1"
| #define PACKAGE_STRING ". 1"
| #define PACKAGE_BUGREPORT ""
| #define PACKAGE_URL ""
| #define PACKAGE "openSMILE"
| #define VERSION "0.0.0"
| #define STDC_HEADERS 1
| #define HAVE_SYS_TYPES_H 1
| #define HAVE_SYS_STAT_H 1
| #define HAVE_STDLIB_H 1
| #define HAVE_STRING_H 1
| #define HAVE_MEMORY_H 1
| #define HAVE_STRINGS_H 1
| #define HAVE_INTTYPES_H 1
| #define HAVE_STDINT_H 1
| #define HAVE_UNISTD_H 1
| #define HAVE_DLFCN_H 1
| #define LT_OBJDIR ".libs/"
| /* end confdefs.h.  */
| #include <pthread.h>
| int
| main ()
| {
| pthread_t th; pthread_join(th, 0);
|                      pthread_attr_init(0); pthread_cleanup_push(0, 0);
|                      pthread_create(0,0,0,0); pthread_cleanup_pop(0);
|   ;
|   return 0;
| }
configure:15643: result: no
configure:15551: checking whether pthreads work with -Kthread
configure:15634: gcc -o conftest -g -O2 -Kthread   conftest.c   >&5
gcc: error: unrecognized command line option '-Kthread'
configure:15634: $? = 1
configure: failed program was:
| /* confdefs.h */
| #define PACKAGE_NAME "."
| #define PACKAGE_TARNAME "-"
| #define PACKAGE_VERSION "1"
| #define PACKAGE_STRING ". 1"
| #define PACKAGE_BUGREPORT ""
| #define PACKAGE_URL ""
| #define PACKAGE "openSMILE"
| #define VERSION "0.0.0"
| #define STDC_HEADERS 1
| #define HAVE_SYS_TYPES_H 1
| #define HAVE_SYS_STAT_H 1
| #define HAVE_STDLIB_H 1
| #define HAVE_STRING_H 1
| #define HAVE_MEMORY_H 1
| #define HAVE_STRINGS_H 1
| #define HAVE_INTTYPES_H 1
| #define HAVE_STDINT_H 1
| #define HAVE_UNISTD_H 1
| #define HAVE_DLFCN_H 1
| #define LT_OBJDIR ".libs/"
| /* end confdefs.h.  */
| #include <pthread.h>
| int
| main ()
| {
| pthread_t th; pthread_join(th, 0);
|                      pthread_attr_init(0); pthread_cleanup_push(0, 0);
|                      pthread_create(0,0,0,0); pthread_cleanup_pop(0);
|   ;
|   return 0;
| }
configure:15643: result: no
configure:15551: checking whether pthreads work with -kthread
configure:15634: gcc -o conftest -g -O2 -kthread   conftest.c   >&5
gcc: error: unrecognized command line option '-kthread'
configure:15634: $? = 1
configure: failed program was:
| /* confdefs.h */
| #define PACKAGE_NAME "."
| #define PACKAGE_TARNAME "-"
| #define PACKAGE_VERSION "1"
| #define PACKAGE_STRING ". 1"
| #define PACKAGE_BUGREPORT ""
| #define PACKAGE_URL ""
| #define PACKAGE "openSMILE"
| #define VERSION "0.0.0"
| #define STDC_HEADERS 1
| #define HAVE_SYS_TYPES_H 1
| #define HAVE_SYS_STAT_H 1
| #define HAVE_STDLIB_H 1
| #define HAVE_STRING_H 1
| #define HAVE_MEMORY_H 1
| #define HAVE_STRINGS_H 1
| #define HAVE_INTTYPES_H 1
| #define HAVE_STDINT_H 1
| #define HAVE_UNISTD_H 1
| #define HAVE_DLFCN_H 1
| #define LT_OBJDIR ".libs/"
| /* end confdefs.h.  */
| #include <pthread.h>
| int
| main ()
| {
| pthread_t th; pthread_join(th, 0);
|                      pthread_attr_init(0); pthread_cleanup_push(0, 0);
|                      pthread_create(0,0,0,0); pthread_cleanup_pop(0);
|   ;
|   return 0;
| }
configure:15643: result: no
configure:15601: checking for the pthreads library -llthread
configure:15634: gcc -o conftest -g -O2    conftest.c -llthread  >&5
/usr/bin/ld: cannot find -llthread
collect2: error: ld returned 1 exit status
configure:15634: $? = 1
configure: failed program was:
| /* confdefs.h */
| #define PACKAGE_NAME "."
| #define PACKAGE_TARNAME "-"
| #define PACKAGE_VERSION "1"
| #define PACKAGE_STRING ". 1"
| #define PACKAGE_BUGREPORT ""
| #define PACKAGE_URL ""
| #define PACKAGE "openSMILE"
| #define VERSION "0.0.0"
| #define STDC_HEADERS 1
| #define HAVE_SYS_TYPES_H 1
| #define HAVE_SYS_STAT_H 1
| #define HAVE_STDLIB_H 1
| #define HAVE_STRING_H 1
| #define HAVE_MEMORY_H 1
| #define HAVE_STRINGS_H 1
| #define HAVE_INTTYPES_H 1
| #define HAVE_STDINT_H 1
| #define HAVE_UNISTD_H 1
| #define HAVE_DLFCN_H 1
| #define LT_OBJDIR ".libs/"
| /* end confdefs.h.  */
| #include <pthread.h>
| int
| main ()
| {
| pthread_t th; pthread_join(th, 0);
|                      pthread_attr_init(0); pthread_cleanup_push(0, 0);
|                      pthread_create(0,0,0,0); pthread_cleanup_pop(0);
|   ;
|   return 0;
| }
configure:15643: result: no
configure:15601: checking for the pthreads library -lpthread
configure:15634: gcc -o conftest -g -O2    conftest.c -lpthread  >&5
configure:15634: $? = 0
configure:15643: result: yes
configure:15662: checking for joinable pthread attribute
configure:15677: gcc -o conftest -g -O2    conftest.c -lpthread  >&5
configure:15677: $? = 0
configure:15683: result: PTHREAD_CREATE_JOINABLE
configure:15693: checking if more special flags are required for pthreads
configure:15700: result: no
configure:15860: WARNING: Disabling target SEMAINExtract beacuse libsemaineapi was not found or is not useable
configure:16139: creating ./config.status

## ---------------------- ##
## Running config.status. ##
## ---------------------- ##

This file was extended by . config.status 1, which was
generated by GNU Autoconf 2.69.  Invocation command line was

  CONFIG_FILES    = 
  CONFIG_HEADERS  = 
  CONFIG_LINKS    = 
  CONFIG_COMMANDS = 
  $ ./config.status 

on martin-N56VB

config.status:1168: creating Makefile
config.status:1168: creating config.h
config.status:1397: executing depfiles commands
config.status:1397: executing libtool commands

## ---------------- ##
## Cache variables. ##
## ---------------- ##

ac_cv_build=x86_64-unknown-linux-gnu
ac_cv_c_compiler_gnu=yes
ac_cv_cxx_compiler_gnu=yes
ac_cv_env_CCC_set=
ac_cv_env_CCC_value=
ac_cv_env_CC_set=
ac_cv_env_CC_value=
ac_cv_env_CFLAGS_set=
ac_cv_env_CFLAGS_value=
ac_cv_env_CPPFLAGS_set=
ac_cv_env_CPPFLAGS_value=
ac_cv_env_CPP_set=
ac_cv_env_CPP_value=
ac_cv_env_CXXCPP_set=
ac_cv_env_CXXCPP_value=
ac_cv_env_CXXFLAGS_set=
ac_cv_env_CXXFLAGS_value=
ac_cv_env_CXX_set=
ac_cv_env_CXX_value=
ac_cv_env_LDFLAGS_set=
ac_cv_env_LDFLAGS_value=
ac_cv_env_LIBS_set=
ac_cv_env_LIBS_value=
ac_cv_env_build_alias_set=
ac_cv_env_build_alias_value=
ac_cv_env_host_alias_set=
ac_cv_env_host_alias_value=
ac_cv_env_target_alias_set=
ac_cv_env_target_alias_value=
ac_cv_header_dlfcn_h=yes
ac_cv_header_inttypes_h=yes
ac_cv_header_memory_h=yes
ac_cv_header_stdc=yes
ac_cv_header_stdint_h=yes
ac_cv_header_stdlib_h=yes
ac_cv_header_string_h=yes
ac_cv_header_strings_h=yes
ac_cv_header_sys_stat_h=yes
ac_cv_header_sys_types_h=yes
ac_cv_header_unistd_h=yes
ac_cv_host=x86_64-unknown-linux-gnu
ac_cv_lib_portaudio_Pa_GetHostApiCount=no
ac_cv_lib_portaudio_Pa_Initialize=no
ac_cv_objext=o
ac_cv_path_EGREP='/bin/grep -E'
ac_cv_path_FGREP='/bin/grep -F'
ac_cv_path_GREP=/bin/grep
ac_cv_path_SED=/bin/sed
ac_cv_path_install='/usr/bin/install -c'
ac_cv_path_mkdir=/bin/mkdir
ac_cv_prog_AWK=gawk
ac_cv_prog_CPP='gcc -E'
ac_cv_prog_CXXCPP='g++ -E'
ac_cv_prog_ac_ct_AR=ar
ac_cv_prog_ac_ct_CC=gcc
ac_cv_prog_ac_ct_CXX=g++
ac_cv_prog_ac_ct_MANIFEST_TOOL=mt
ac_cv_prog_ac_ct_OBJDUMP=objdump
ac_cv_prog_ac_ct_RANLIB=ranlib
ac_cv_prog_ac_ct_STRIP=strip
ac_cv_prog_cc_c89=
ac_cv_prog_cc_g=yes
ac_cv_prog_cc_gcc_c_o=yes
ac_cv_prog_cxx_g=yes
ac_cv_prog_make_make_set=yes
am_cv_CC_dependencies_compiler_type=gcc3
am_cv_CXX_dependencies_compiler_type=gcc3
lt_cv_ar_at_file=@
lt_cv_archive_cmds_need_lc=no
lt_cv_deplibs_check_method=pass_all
lt_cv_file_magic_cmd='$MAGIC_CMD'
lt_cv_file_magic_test_file=
lt_cv_ld_reload_flag=-r
lt_cv_nm_interface='BSD nm'
lt_cv_objdir=.libs
lt_cv_path_LD=/usr/bin/ld
lt_cv_path_LDCXX='/usr/bin/ld -m elf_x86_64'
lt_cv_path_NM='/usr/bin/nm -B'
lt_cv_path_mainfest_tool=no
lt_cv_prog_compiler_c_o=yes
lt_cv_prog_compiler_c_o_CXX=yes
lt_cv_prog_compiler_pic='-fPIC -DPIC'
lt_cv_prog_compiler_pic_CXX='-fPIC -DPIC'
lt_cv_prog_compiler_pic_works=yes
lt_cv_prog_compiler_pic_works_CXX=yes
lt_cv_prog_compiler_rtti_exceptions=no
lt_cv_prog_compiler_static_works=yes
lt_cv_prog_compiler_static_works_CXX=yes
lt_cv_prog_gnu_ld=yes
lt_cv_prog_gnu_ldcxx=yes
lt_cv_sharedlib_from_linklib_cmd='printf %s\n'
lt_cv_shlibpath_overrides_runpath=no
lt_cv_sys_global_symbol_pipe='sed -n -e '\''s/^.*[	 ]\([ABCDGIRSTW][ABCDGIRSTW]*\)[	 ][	 ]*\([_A-Za-z][_A-Za-z0-9]*\)$/\1 \2 \2/p'\'' | sed '\''/ __gnu_lto/d'\'''
lt_cv_sys_global_symbol_to_c_name_address='sed -n -e '\''s/^: \([^ ]*\)[ ]*$/  {\"\1\", (void *) 0},/p'\'' -e '\''s/^[ABCDGIRSTW]* \([^ ]*\) \([^ ]*\)$/  {"\2", (void *) \&\2},/p'\'''
lt_cv_sys_global_symbol_to_c_name_address_lib_prefix='sed -n -e '\''s/^: \([^ ]*\)[ ]*$/  {\"\1\", (void *) 0},/p'\'' -e '\''s/^[ABCDGIRSTW]* \([^ ]*\) \(lib[^ ]*\)$/  {"\2", (void *) \&\2},/p'\'' -e '\''s/^[ABCDGIRSTW]* \([^ ]*\) \([^ ]*\)$/  {"lib\2", (void *) \&\2},/p'\'''
lt_cv_sys_global_symbol_to_cdecl='sed -n -e '\''s/^T .* \(.*\)$/extern int \1();/p'\'' -e '\''s/^[ABCDGIRSTW]* .* \(.*\)$/extern char \1;/p'\'''
lt_cv_sys_max_cmd_len=1572864
lt_cv_to_host_file_cmd=func_convert_file_noop
lt_cv_to_tool_file_cmd=func_convert_file_noop

## ----------------- ##
## Output variables. ##
## ----------------- ##

ACLOCAL='${SHELL} /home/martin/Escritorio/opensmile-1.0.1-sourceonly/missing --run aclocal-1.11'
AMDEPBACKSLASH='\'
AMDEP_FALSE='#'
AMDEP_TRUE=''
AMTAR='$${TAR-tar}'
AR='ar'
AUTOCONF='${SHELL} /home/martin/Escritorio/opensmile-1.0.1-sourceonly/missing --run autoconf'
AUTOHEADER='${SHELL} /home/martin/Escritorio/opensmile-1.0.1-sourceonly/missing --run autoheader'
AUTOMAKE='${SHELL} /home/martin/Escritorio/opensmile-1.0.1-sourceonly/missing --run automake-1.11'
AWK='gawk'
BUILD_SEMAINExtract_FALSE=''
BUILD_SEMAINExtract_TRUE='#'
BUILD_SMILErec_FALSE=''
BUILD_SMILErec_TRUE='#'
BUILD_SMILEsync_FALSE=''
BUILD_SMILEsync_TRUE='#'
BUILD_SMILExtract_FALSE='#'
BUILD_SMILExtract_TRUE=''
BUILD_audiorecorder_FALSE=''
BUILD_audiorecorder_TRUE='#'
BUILD_audiosplit_FALSE=''
BUILD_audiosplit_TRUE='#'
CC='gcc'
CCDEPMODE='depmode=gcc3'
CFLAGS='-g -O2'
CPP='gcc -E'
CPPFLAGS=''
CXX='g++'
CXXCPP='g++ -E'
CXXDEPMODE='depmode=gcc3'
CXXFLAGS='-g -O2'
CYGPATH_W='echo'
DEFS='-DHAVE_CONFIG_H'
DEPDIR='.deps'
DLIB='-ldl'
DLLTOOL='false'
DSYMUTIL=''
DUMPBIN=''
ECHO_C=''
ECHO_N='-n'
ECHO_T=''
EGREP='/bin/grep -E'
EXEEXT=''
FGREP='/bin/grep -F'
GREP='/bin/grep'
INSTALL_DATA='${INSTALL} -m 644'
INSTALL_PROGRAM='${INSTALL}'
INSTALL_SCRIPT='${INSTALL}'
INSTALL_STRIP_PROGRAM='$(install_sh) -c -s'
LD='/usr/bin/ld -m elf_x86_64'
LDFLAGS=''
LIBOBJS=''
LIBS=''
LIBTOOL='$(SHELL) $(top_builddir)/libtool'
LIPO=''
LN_S='ln -s'
LTLIBOBJS=''
MAKEINFO='${SHELL} /home/martin/Escritorio/opensmile-1.0.1-sourceonly/missing --run makeinfo'
MANIFEST_TOOL=':'
MKDIR_P='/bin/mkdir -p'
NM='/usr/bin/nm -B'
NMEDIT=''
OBJDUMP='objdump'
OBJEXT='o'
OTOOL64=''
OTOOL=''
PACKAGE='openSMILE'
PACKAGE_BUGREPORT=''
PACKAGE_NAME='.'
PACKAGE_STRING='. 1'
PACKAGE_TARNAME='-'
PACKAGE_URL=''
PACKAGE_VERSION='1'
PATH_SEPARATOR=':'
PORTAUDIO_CPPFLAGS=''
PORTAUDIO_LDFLAGS=''
PORTAUDIO_ROOT='/usr'
PTHREAD_CC='gcc'
PTHREAD_CFLAGS=''
PTHREAD_LIBS='-lpthread'
RANLIB='ranlib'
RTNNLLIB_CFLAGS=''
RTNNLLIB_LIBS=''
RTNNLLIB_PREFIX=''
SED='/bin/sed'
SEMAINEAPI_CPPFLAGS=''
SEMAINEAPI_LDFLAGS=''
SEMAINEAPI_ROOT='/home/martin'
SET_MAKE=''
SHELL='/bin/bash'
STRIP='strip'
VERSION='0.0.0'
ac_ct_AR='ar'
ac_ct_CC='gcc'
ac_ct_CXX='g++'
ac_ct_DUMPBIN=''
acx_pthread_config=''
am__EXEEXT_FALSE=''
am__EXEEXT_TRUE='#'
am__fastdepCC_FALSE='#'
am__fastdepCC_TRUE=''
am__fastdepCXX_FALSE='#'
am__fastdepCXX_TRUE=''
am__include='include'
am__isrc=''
am__leading_dot='.'
am__nodep='_no'
am__quote=''
am__tar='$${TAR-tar} chof - "$$tardir"'
am__untar='$${TAR-tar} xf -'
bindir='${exec_prefix}/bin'
build='x86_64-unknown-linux-gnu'
build_alias=''
build_cpu='x86_64'
build_os='linux-gnu'
build_vendor='unknown'
datadir='${datarootdir}'
datarootdir='${prefix}/share'
docdir='${datarootdir}/doc/${PACKAGE_TARNAME}'
dvidir='${docdir}'
exec_prefix='${prefix}'
host='x86_64-unknown-linux-gnu'
host_alias=''
host_cpu='x86_64'
host_os='linux-gnu'
host_vendor='unknown'
htmldir='${docdir}'
includedir='${prefix}/include'
infodir='${datarootdir}/info'
install_sh='${SHELL} /home/martin/Escritorio/opensmile-1.0.1-sourceonly/install-sh'
libdir='${exec_prefix}/lib'
libexecdir='${exec_prefix}/libexec'
localedir='${datarootdir}/locale'
localstatedir='${prefix}/var'
mandir='${datarootdir}/man'
mkdir_p='/bin/mkdir -p'
oldincludedir='/usr/include'
pdfdir='${docdir}'
prefix='/usr/local'
program_transform_name='s,x,x,'
psdir='${docdir}'
sbindir='${exec_prefix}/sbin'
sharedstatedir='${prefix}/com'
sysconfdir='${prefix}/etc'
target_alias=''

## ----------- ##
## confdefs.h. ##
## ----------- ##

/* confdefs.h */
#define PACKAGE_NAME "."
#define PACKAGE_TARNAME "-"
#define PACKAGE_VERSION "1"
#define PACKAGE_STRING ". 1"
#define PACKAGE_BUGREPORT ""
#define PACKAGE_URL ""
#define PACKAGE "openSMILE"
#define VERSION "0.0.0"
#define STDC_HEADERS 1
#define HAVE_SYS_TYPES_H 1
#define HAVE_SYS_STAT_H 1
#define HAVE_STDLIB_H 1
#define HAVE_STRING_H 1
#define HAVE_MEMORY_H 1
#define HAVE_STRINGS_H 1
#define HAVE_INTTYPES_H 1
#define HAVE_STDINT_H 1
#define HAVE_UNISTD_H 1
#define HAVE_DLFCN_H 1
#define LT_OBJDIR ".libs/"
#define HAVE_PTHREAD 1
#define WITH_LIVEREC 1
#define HAVE_AUTOCONF 1

configure: exit 0
